[10952:9188:2022-5-27 0:47:46.358] Main Start
[10952:9188:2022-5-27 0:47:46.358] Command line:"C:\Capstone project II\app\src\img\Zoom_cm_ds_mAxByzBnrN9PARYoqDReZWBHgQ6l8v9QJE9F6@RV6nvW35UKKASLXf_kc04e64101cccc5a9_.exe"  Instance:0x40000 Show State:1
[10952:9188:2022-5-27 0:47:47.240] C:\
[10952:528:2022-5-27 0:47:47.312] [process_requst] start, url:https://zoom.us/conf/launch
[10952:528:2022-5-27 0:47:50.930] [req_state_read_status_code] zHttpQueryInfo complete, status:200
[10952:528:2022-5-27 0:47:50.930] [req_state_read_status_code] zHttpQueryInfo complete, status:200 Error: 0
[10952:528:2022-5-27 0:47:50.931] [log_response_content] Content length (1048576 as unknown):2152 , Total read: 2152 , Error No: 0 , Status code: 200
[10952:528:2022-5-27 0:47:50.931] [log_response_content] header:
[10952:528:2022-5-27 0:47:50.931] HTTP/1.1 200 
Date: Thu, 26 May 2022 19:17:47 GMT
Content-Type: text/plain;charset=utf-8
Content-Length: 2152
Connection: keep-alive
x-zm-trackingid: v=2.0;clid=us05;rid=WEB_4efe3dac495aaaf83d6929168b85ae0b
X-Content-Type-Options: nosniff
Content-Security-Policy: upgrade-insecure-requests; default-src https://*.zoom.us https://zoom.us blob: 'self'; img-src https: about: blob: data: 'self'; style-src https: safari-extension: chrome-extension: 'unsafe-inline' data: 'self'; font-src https: safari-extension: chrome-extension: blob: data: 'self'; connect-src * about: blob: data: 'self'; media-src * rtmp: blob: data: 'self'; frame-src https: ms-appx-web: zoommtg: zoomus: wvjbscheme: data: 'self'; object-src 'none'; base-uri 'none';
X-FRAME-OPTIONS: SAMEORIGIN
Set-Cookie: zm_aid=""; Domain=.zoom.us; Expires=Thu, 01-Jan-1970 00:00:10 GMT; Path=/; Secure; HttpOnly
Set-Cookie: zm_haid=""; Domain=.zoom.us; Expires=Thu, 01-Jan-1970 00:00:10 GMT; Path=/; Secure; HttpOnly
Set-Cookie: zm_tmaid=""; Domain=.zoom.us; Expires=Thu, 01-Jan-1970 00:00:10 GMT; Path=/; Secure; HttpOnly
Set-Cookie: zm_htmaid=""; Domain=.zoom.us; Expires=Thu, 01-Jan-1970 00:00:10 GMT; Path=/; Secure; HttpOnly
Set-Cookie: cred=3056E23DF8A1BCE0BFCE6DF5D4DB8EAB; Path=/; Secure; HttpOnly
Set-Cookie: _zm_page_auth=us05_c_OtLO9C-2RWqDXH_ODSUsog; Domain=.zoom.us; Path=/; Secure; HttpOnly
p3p: CP="NOI ADM DEV PSAi COM NAV OUR OTR STP IND DEM"
Set-Cookie: _zm_ssid=us05_c_49Z98IBlTVKRtsgBlB_JvQ; Domain=.zoom.us; Path=/; Secure; HttpOnly
Set-Cookie: _zm_ctaid=K_D04CH9R4ObHCKlPGHu_Q.1653592667656.200a67b6002965dbf0d14ccdcaa9df9b; Domain=.zoom.us; Expires=Thu, 26-May-2022 21:17:47 GMT; Path=/; Secure; HttpOnly
Set-Cookie: _zm_chtaid=977; Domain=.zoom.us; Expires=Thu, 26-May-2022 21:17:47 GMT; Path=/; Secure; HttpOnly
x-zm-zoneid: VA
Set-Cookie: _zm_mtk_guid=2067af65188941a7b4c09a124081b69d; Domain=.zoom.us; Expires=Sat, 25-May-2024 19:17:47 GMT; Path=/; Secure
Strict-Transport-Security: max-age=31536000; includeSubDomains
X-XSS-Protection: 1; mode=block
Referrer-Policy: strict-origin-when-cross-origin
Set-Cookie: TS01f92dc5=01b2081ea56719c34ac6a4f0eca6acb612a0eba6d613e6e72689a893e2ee68c20c5bf617981ec22af357f1346ffcfd6eb5709b3fa9; Path=/; Secure; HttpOnly; SameSite=Strict;
Set-Cookie: TS018dd1ba=01b2081ea56719c34ac6a4f0eca6acb612a0eba6d613e6e72689a893e2ee68c20c5bf617981ec22af357f1346ffcfd6eb5709b3fa9; path=/; domain=.zoom.us


[10952:528:2022-5-27 0:47:50.931] [process_requst] End for url:https://zoom.us/conf/launch, return code:200, Error:0, Response content size:2152
[10952:9188:2022-5-27 0:47:50.953] Main End
